Blood_Share/app/build/intermediates/manifest_merge_blame_file/debug/manifest-merger-blame-debug-report.txt
1<?xml version="1.0" encoding="utf-8"?>
2<manifest xmlns:android="http://schemas.android.com/apk/res/android"
3    package="com.example.bloodshare4.bloodshare40"
4    android:versionCode="1"
5    android:versionName="1.0" >
6
7    <uses-sdk
8        android:minSdkVersion="23"
8-->src\main\AndroidManifest.xml
9        android:targetSdkVersion="28" />
9-->src\main\AndroidManifest.xml
10
11    <uses-permission android:name="android.permission.ACCESS_COARSE_LOCATION" />
11-->src\main\AndroidManifest.xml:4:5-80
11-->src\main\AndroidManifest.xml:4:22-78
12    <uses-permission android:name="android.permission.ACCESS_FINE_LOCATION" />
12-->src\main\AndroidManifest.xml:6:5-78
12-->src\main\AndroidManifest.xml:6:22-76
13    <uses-permission android:name="android.permission.INTERNET" />
13-->src\main\AndroidManifest.xml:8:5-66
13-->src\main\AndroidManifest.xml:8:22-64
14
15    <!-- Although the *SdkVersion is captured in gradle build files, this is required for non gradle builds -->
16    <!-- <uses-sdk android:minSdkVersion="14"/> -->
17    <uses-permission android:name="android.permission.ACCESS_NETWORK_STATE" />
17-->[com.google.firebase:firebase-database:19.2.0] AndroidManifest.xml:25:5-79
17-->[com.google.firebase:firebase-database:19.2.0] AndroidManifest.xml:25:22-76
18
19    <application
19-->src\main\AndroidManifest.xml:10:5-31:19
20        android:allowBackup="true"
20-->src\main\AndroidManifest.xml:11:9-35
21        android:appComponentFactory="androidx.core.app.CoreComponentFactory"
21-->[androidx.core:core:1.1.0] AndroidManifest.xml:24:18-86
22        android:debuggable="true"
23        android:icon="@mipmap/ic_launcher"
23-->src\main\AndroidManifest.xml:12:9-43
24        android:label="@string/app_name"
24-->src\main\AndroidManifest.xml:13:9-41
25        android:roundIcon="@mipmap/ic_launcher_round"
25-->src\main\AndroidManifest.xml:14:9-54
26        android:supportsRtl="true"
26-->src\main\AndroidManifest.xml:15:9-35
27        android:testOnly="true"
28        android:theme="@style/AppTheme" >
28-->src\main\AndroidManifest.xml:16:9-40
29        <activity android:name="com.example.bloodshare4.bloodshare40.MapActivity" />
29-->src\main\AndroidManifest.xml:17:9-48
29-->src\main\AndroidManifest.xml:17:19-46
30        <activity android:name="com.example.bloodshare4.bloodshare40.HomeActivity" />
30-->src\main\AndroidManifest.xml:18:9-50
30-->src\main\AndroidManifest.xml:18:19-47
31        <activity android:name="com.example.bloodshare4.bloodshare40.Account2Activity" />
31-->src\main\AndroidManifest.xml:19:9-54
31-->src\main\AndroidManifest.xml:19:19-51
32        <activity android:name="com.example.bloodshare4.bloodshare40.AccountActivity" />
32-->src\main\AndroidManifest.xml:20:9-53
32-->src\main\AndroidManifest.xml:20:19-50
33        <activity android:name="com.example.bloodshare4.bloodshare40.LoginActivity" />
33-->src\main\AndroidManifest.xml:21:9-51
33-->src\main\AndroidManifest.xml:21:19-48
34        <activity android:name="com.example.bloodshare4.bloodshare40.SignupActivity" />
34-->src\main\AndroidManifest.xml:22:9-52
34-->src\main\AndroidManifest.xml:22:19-49
35        <activity android:name="com.example.bloodshare4.bloodshare40.MainActivity" >
35-->src\main\AndroidManifest.xml:23:9-30:20
35-->src\main\AndroidManifest.xml:23:19-47
36            <intent-filter>
36-->src\main\AndroidManifest.xml:24:13-29:29
37                <action android:name="android.intent.action.MAIN" />
37-->src\main\AndroidManifest.xml:25:17-69
37-->src\main\AndroidManifest.xml:25:25-66
38                <action android:name="android.intent.action.VIEW" />
38-->src\main\AndroidManifest.xml:26:17-69
38-->src\main\AndroidManifest.xml:26:25-66
39
40                <category android:name="android.intent.category.LAUNCHER" />
40-->src\main\AndroidManifest.xml:28:17-77
40-->src\main\AndroidManifest.xml:28:27-74
41            </intent-filter>
42        </activity>
43        <activity
43-->[com.google.firebase:firebase-auth:19.2.0] AndroidManifest.xml:24:9-31:50
44            android:name="com.google.firebase.auth.internal.FederatedSignInActivity"
44-->[com.google.firebase:firebase-auth:19.2.0] AndroidManifest.xml:25:13-85
45            android:excludeFromRecents="true"
45-->[com.google.firebase:firebase-auth:19.2.0] AndroidManifest.xml:26:13-46
46            android:exported="true"
46-->[com.google.firebase:firebase-auth:19.2.0] AndroidManifest.xml:27:13-36
47            android:launchMode="singleTask"
47-->[com.google.firebase:firebase-auth:19.2.0] AndroidManifest.xml:28:13-44
48            android:permission="com.google.firebase.auth.api.gms.permission.LAUNCH_FEDERATED_SIGN_IN"
48-->[com.google.firebase:firebase-auth:19.2.0] AndroidManifest.xml:29:13-102
49            android:theme="@android:style/Theme.Translucent.NoTitleBar" />
49-->[com.google.firebase:firebase-auth:19.2.0] AndroidManifest.xml:30:13-72
50
51        <service
51-->[com.google.firebase:firebase-auth:19.2.0] AndroidManifest.xml:33:9-39:19
52            android:name="com.google.firebase.components.ComponentDiscoveryService"
52-->[com.google.firebase:firebase-auth:19.2.0] AndroidManifest.xml:34:13-84
53            android:directBootAware="true"
53-->[com.google.firebase:firebase-common:19.3.0] AndroidManifest.xml:34:13-43
54            android:exported="false" >
54-->[com.google.firebase:firebase-auth:19.2.0] AndroidManifest.xml:35:13-37
55            <meta-data
55-->[com.google.firebase:firebase-auth:19.2.0] AndroidManifest.xml:36:13-38:85
56                android:name="com.google.firebase.components:com.google.firebase.auth.FirebaseAuthRegistrar"
56-->[com.google.firebase:firebase-auth:19.2.0] AndroidManifest.xml:37:17-109
57                android:value="com.google.firebase.components.ComponentRegistrar" />
57-->[com.google.firebase:firebase-auth:19.2.0] AndroidManifest.xml:38:17-82
58            <meta-data
58-->[com.google.firebase:firebase-database:19.2.0] AndroidManifest.xml:32:13-34:85
59                android:name="com.google.firebase.components:com.google.firebase.database.DatabaseRegistrar"
59-->[com.google.firebase:firebase-database:19.2.0] AndroidManifest.xml:33:17-109
60                android:value="com.google.firebase.components.ComponentRegistrar" />
60-->[com.google.firebase:firebase-database:19.2.0] AndroidManifest.xml:34:17-82
61        </service>
62
63        <activity
63-->[com.google.android.gms:play-services-base:17.1.0] AndroidManifest.xml:23:9-26:75
64            android:name="com.google.android.gms.common.api.GoogleApiActivity"
64-->[com.google.android.gms:play-services-base:17.1.0] AndroidManifest.xml:24:13-79
65            android:exported="false"
65-->[com.google.android.gms:play-services-base:17.1.0] AndroidManifest.xml:25:13-37
66            android:theme="@android:style/Theme.Translucent.NoTitleBar" />
66-->[com.google.android.gms:play-services-base:17.1.0] AndroidManifest.xml:26:13-72
67
68        <provider
68-->[com.google.firebase:firebase-common:19.3.0] AndroidManifest.xml:26:9-30:39
69            android:name="com.google.firebase.provider.FirebaseInitProvider"
69-->[com.google.firebase:firebase-common:19.3.0] AndroidManifest.xml:27:13-77
70            android:authorities="com.example.bloodshare4.bloodshare40.firebaseinitprovider"
70-->[com.google.firebase:firebase-common:19.3.0] AndroidManifest.xml:28:13-72
71            android:exported="false"
71-->[com.google.firebase:firebase-common:19.3.0] AndroidManifest.xml:29:13-37
72            android:initOrder="100" />
72-->[com.google.firebase:firebase-common:19.3.0] AndroidManifest.xml:30:13-36
73
74        <meta-data
74-->[com.google.android.gms:play-services-basement:17.0.0] AndroidManifest.xml:23:9-25:69
75            android:name="com.google.android.gms.version"
75-->[com.google.android.gms:play-services-basement:17.0.0] AndroidManifest.xml:24:13-58
76            android:value="@integer/google_play_services_version" />
76-->[com.google.android.gms:play-services-basement:17.0.0] AndroidManifest.xml:25:13-66
77    </application>
78
79</manifest>